0 info it worked if it ends with ok
1 verbose cli [ '/usr/bin/node', '/usr/bin/npm', 'install', '-g', 'jquery' ]
2 info using npm@3.5.2
3 info using node@v8.10.0
4 silly loadCurrentTree Starting
5 silly install loadCurrentTree
6 silly install readGlobalPackageData
7 silly fetchPackageMetaData jquery
8 silly fetchNamedPackageData jquery
9 silly mapToRegistry name jquery
10 silly mapToRegistry using default registry
11 silly mapToRegistry registry https://registry.npmjs.org/
12 silly mapToRegistry uri https://registry.npmjs.org/jquery
13 verbose request uri https://registry.npmjs.org/jquery
14 verbose request no auth needed
15 info attempt registry request try #1 at 12:59:06
16 verbose request id 0dc657555d63b2f0
17 http request GET https://registry.npmjs.org/jquery
18 http 200 https://registry.npmjs.org/jquery
19 verbose headers { date: 'Fri, 19 Jun 2020 07:29:07 GMT',
19 verbose headers   'content-type': 'application/json',
19 verbose headers   'transfer-encoding': 'chunked',
19 verbose headers   connection: 'keep-alive',
19 verbose headers   'set-cookie':
19 verbose headers    [ '__cfduid=d89dbfaa11c296a7c21b527ca03f120001592551747; expires=Sun, 19-Jul-20 07:29:07 GMT; path=/; domain=.npmjs.org; HttpOnly; SameSite=Lax' ],
19 verbose headers   'cf-ray': '5a5b8982de10e14a-BOM',
19 verbose headers   age: '7188',
19 verbose headers   'cache-control': 'public, max-age=300',
19 verbose headers   etag: 'W/"8756a9fd6917c183146761c4f6c53da2"',
19 verbose headers   'last-modified': 'Mon, 04 May 2020 22:50:16 GMT',
19 verbose headers   vary: 'accept-encoding, accept',
19 verbose headers   'cf-cache-status': 'HIT',
19 verbose headers   'cf-request-id': '036d1445c80000e14a433e8200000001',
19 verbose headers   'expect-ct': 'max-age=604800, report-uri="https://report-uri.cloudflare.com/cdn-cgi/beacon/expect-ct"',
19 verbose headers   server: 'cloudflare',
19 verbose headers   'content-encoding': 'gzip' }
20 silly get cb [ 200,
20 silly get   { date: 'Fri, 19 Jun 2020 07:29:07 GMT',
20 silly get     'content-type': 'application/json',
20 silly get     'transfer-encoding': 'chunked',
20 silly get     connection: 'keep-alive',
20 silly get     'set-cookie':
20 silly get      [ '__cfduid=d89dbfaa11c296a7c21b527ca03f120001592551747; expires=Sun, 19-Jul-20 07:29:07 GMT; path=/; domain=.npmjs.org; HttpOnly; SameSite=Lax' ],
20 silly get     'cf-ray': '5a5b8982de10e14a-BOM',
20 silly get     age: '7188',
20 silly get     'cache-control': 'public, max-age=300',
20 silly get     etag: 'W/"8756a9fd6917c183146761c4f6c53da2"',
20 silly get     'last-modified': 'Mon, 04 May 2020 22:50:16 GMT',
20 silly get     vary: 'accept-encoding, accept',
20 silly get     'cf-cache-status': 'HIT',
20 silly get     'cf-request-id': '036d1445c80000e14a433e8200000001',
20 silly get     'expect-ct': 'max-age=604800, report-uri="https://report-uri.cloudflare.com/cdn-cgi/beacon/expect-ct"',
20 silly get     server: 'cloudflare',
20 silly get     'content-encoding': 'gzip' } ]
21 verbose get saving jquery to /home/sayali/.npm/registry.npmjs.org/jquery/.cache.json
22 silly install normalizeTree
23 silly loadCurrentTree Finishing
24 silly loadIdealTree Starting
25 silly install loadIdealTree
26 silly cloneCurrentTree Starting
27 silly install cloneCurrentTreeToIdealTree
28 silly cloneCurrentTree Finishing
29 silly loadShrinkwrap Starting
30 silly install loadShrinkwrap
31 silly loadShrinkwrap Finishing
32 silly loadAllDepsIntoIdealTree Starting
33 silly install loadAllDepsIntoIdealTree
34 silly resolveWithNewModule jquery@3.5.1 checking installable status
35 silly cache add args [ 'jquery', null ]
36 verbose cache add spec jquery
37 silly cache add parsed spec Result {
37 silly cache add   raw: 'jquery',
37 silly cache add   scope: null,
37 silly cache add   name: 'jquery',
37 silly cache add   rawSpec: '',
37 silly cache add   spec: 'latest',
37 silly cache add   type: 'tag' }
38 silly addNamed jquery@latest
39 verbose addNamed "latest" is being treated as a dist-tag for jquery
40 info addNameTag [ 'jquery', 'latest' ]
41 silly mapToRegistry name jquery
42 silly mapToRegistry using default registry
43 silly mapToRegistry registry https://registry.npmjs.org/
44 silly mapToRegistry uri https://registry.npmjs.org/jquery
45 verbose addNameTag registry:https://registry.npmjs.org/jquery not in flight; fetching
46 verbose get https://registry.npmjs.org/jquery not expired, no request
47 silly addNameTag next cb for jquery with tag latest
48 silly addNamed jquery@3.5.1
49 verbose addNamed "3.5.1" is a plain semver version for jquery
50 silly mapToRegistry name jquery
51 silly mapToRegistry using default registry
52 silly mapToRegistry registry https://registry.npmjs.org/
53 silly mapToRegistry uri https://registry.npmjs.org/jquery
54 verbose addRemoteTarball https://registry.npmjs.org/jquery/-/jquery-3.5.1.tgz not in flight; adding
55 verbose addRemoteTarball [ 'https://registry.npmjs.org/jquery/-/jquery-3.5.1.tgz',
55 verbose addRemoteTarball   'd7b4d08e1bfdb86ad2f1a3d039ea17304717abb5' ]
56 info retry fetch attempt 1 at 12:59:07
57 info attempt registry request try #1 at 12:59:07
58 http fetch GET https://registry.npmjs.org/jquery/-/jquery-3.5.1.tgz
59 http fetch 200 https://registry.npmjs.org/jquery/-/jquery-3.5.1.tgz
60 silly fetchAndShaCheck shasum d7b4d08e1bfdb86ad2f1a3d039ea17304717abb5
61 verbose addTmpTarball /tmp/npm-5368-3afc2c1a/registry.npmjs.org/jquery/-/jquery-3.5.1.tgz not in flight; adding
62 verbose addTmpTarball already have metadata; skipping unpack for jquery@3.5.1
63 silly cache afterAdd jquery@3.5.1
64 verbose afterAdd /home/sayali/.npm/jquery/3.5.1/package/package.json not in flight; writing
65 verbose afterAdd /home/sayali/.npm/jquery/3.5.1/package/package.json written
66 silly loadAllDepsIntoIdealTree Finishing
67 silly idealTree:prePrune lib
67 silly idealTree:prePrune └── jquery@3.5.1
68 silly loadIdealTree Finishing
69 silly currentTree lib
70 silly idealTree lib
70 silly idealTree └── jquery@3.5.1
71 silly generateActionsToTake Starting
72 silly install generateActionsToTake
73 warn checkPermissions Missing write access to /usr/local/lib/node_modules
74 silly rollbackFailedOptional Starting
75 silly rollbackFailedOptional Finishing
76 silly runTopLevelLifecycles Starting
77 silly runTopLevelLifecycles Finishing
78 silly install printInstalled
79 verbose stack Error: EACCES: permission denied, access '/usr/local/lib/node_modules'
80 verbose cwd /home/sayali/Desktop/Python/Python-ML/Flask_Blog
81 error Linux 4.15.0-106-generic
82 error argv "/usr/bin/node" "/usr/bin/npm" "install" "-g" "jquery"
83 error node v8.10.0
84 error npm  v3.5.2
85 error path /usr/local/lib/node_modules
86 error code EACCES
87 error errno -13
88 error syscall access
89 error Error: EACCES: permission denied, access '/usr/local/lib/node_modules'
89 error  { Error: EACCES: permission denied, access '/usr/local/lib/node_modules'
89 error   errno: -13,
89 error   code: 'EACCES',
89 error   syscall: 'access',
89 error   path: '/usr/local/lib/node_modules' }
90 error Please try running this command again as root/Administrator.
91 verbose exit [ -13, true ]
